2021-03-30 02:00:35.243  INFO 17934 --- [restartedMain] c.spring.course.SpringCourseApplication  : Starting SpringCourseApplication on felipe-note with PID 17934 (/home/felipe/workspace/spring-course/target/classes started by felipe in /home/felipe/workspace/spring-course)
2021-03-30 02:00:35.246  INFO 17934 --- [restartedMain] c.spring.course.SpringCourseApplication  : The following profiles are active: dev
2021-03-30 02:00:35.297  INFO 17934 --- [restartedMain] .e.DevToolsPropertyDefaultsPostProcessor : Devtools property defaults active! Set 'spring.devtools.add-properties' to 'false' to disable
2021-03-30 02:00:35.297  INFO 17934 --- [restartedMain] .e.DevToolsPropertyDefaultsPostProcessor : For additional web related logging consider setting the 'logging.level.web' property to 'DEBUG'
2021-03-30 02:00:36.742  INFO 17934 --- [restartedMain] .s.d.r.c.RepositoryConfigurationDelegate : Bootstrapping Spring Data repositories in DEFAULT mode.
2021-03-30 02:00:36.961  INFO 17934 --- [restartedMain] .s.d.r.c.RepositoryConfigurationDelegate : Finished Spring Data repository scanning in 206ms. Found 3 repository interfaces.
2021-03-30 02:00:37.709  INFO 17934 --- [restartedMain] trationDelegate$BeanPostProcessorChecker : Bean 'org.springframework.transaction.annotation.ProxyTransactionManagementConfiguration' of type [org.springframework.transaction.annotation.ProxyTransactionManagementConfiguration$$EnhancerBySpringCGLIB$$3fed0fae] is not eligible for getting processed by all BeanPostProcessors (for example: not eligible for auto-proxying)
2021-03-30 02:00:38.601  INFO 17934 --- [restartedMain] o.s.b.w.embedded.tomcat.TomcatWebServer  : Tomcat initialized with port(s): 8080 (http)
2021-03-30 02:00:38.666  INFO 17934 --- [restartedMain] o.apache.catalina.core.StandardService   : Starting service [Tomcat]
2021-03-30 02:00:38.666  INFO 17934 --- [restartedMain] org.apache.catalina.core.StandardEngine  : Starting Servlet engine: [Apache Tomcat/9.0.16]
2021-03-30 02:00:38.687  INFO 17934 --- [restartedMain] o.a.catalina.core.AprLifecycleListener   : The APR based Apache Tomcat Native library which allows optimal performance in production environments was not found on the java.library.path: [/usr/java/packages/lib/amd64:/usr/lib/x86_64-linux-gnu/jni:/lib/x86_64-linux-gnu:/usr/lib/x86_64-linux-gnu:/usr/lib/jni:/lib:/usr/lib]
2021-03-30 02:00:38.804  INFO 17934 --- [restartedMain] o.a.c.c.C.[Tomcat].[localhost].[/]       : Initializing Spring embedded WebApplicationContext
2021-03-30 02:00:38.805  INFO 17934 --- [restartedMain] o.s.web.context.ContextLoader            : Root WebApplicationContext: initialization completed in 3508 ms
2021-03-30 02:00:39.222  INFO 17934 --- [restartedMain] com.zaxxer.hikari.HikariDataSource       : HikariPool-1 - Starting...
2021-03-30 02:00:40.423  INFO 17934 --- [restartedMain] com.zaxxer.hikari.HikariDataSource       : HikariPool-1 - Start completed.
2021-03-30 02:00:40.694  INFO 17934 --- [restartedMain] o.hibernate.jpa.internal.util.LogHelper  : HHH000204: Processing PersistenceUnitInfo [
	name: default
	...]
2021-03-30 02:00:40.994  INFO 17934 --- [restartedMain] org.hibernate.Version                    : HHH000412: Hibernate Core {5.3.7.Final}
2021-03-30 02:00:41.002  INFO 17934 --- [restartedMain] org.hibernate.cfg.Environment            : HHH000206: hibernate.properties not found
2021-03-30 02:00:41.578  INFO 17934 --- [restartedMain] o.hibernate.annotations.common.Version   : HCANN000001: Hibernate Commons Annotations {5.0.4.Final}
2021-03-30 02:00:42.206  INFO 17934 --- [restartedMain] org.hibernate.dialect.Dialect            : HHH000400: Using dialect: org.hibernate.dialect.MySQL5Dialect
2021-03-30 02:00:43.885  INFO 17934 --- [restartedMain] j.LocalContainerEntityManagerFactoryBean : Initialized JPA EntityManagerFactory for persistence unit 'default'
2021-03-30 02:00:43.906  INFO 17934 --- [restartedMain] o.s.b.d.a.OptionalLiveReloadServer       : LiveReload server is running on port 35729
2021-03-30 02:00:44.797  INFO 17934 --- [restartedMain] o.h.h.i.QueryTranslatorFactoryInitiator  : HHH000397: Using ASTQueryTranslatorFactory
2021-03-30 02:00:45.471  INFO 17934 --- [restartedMain] o.s.s.concurrent.ThreadPoolTaskExecutor  : Initializing ExecutorService 'applicationTaskExecutor'
2021-03-30 02:00:45.570  WARN 17934 --- [restartedMain] aWebConfiguration$JpaWebMvcConfiguration : spring.jpa.open-in-view is enabled by default. Therefore, database queries may be performed during view rendering. Explicitly configure spring.jpa.open-in-view to disable this warning
2021-03-30 02:00:46.145  INFO 17934 --- [restartedMain] o.s.b.w.embedded.tomcat.TomcatWebServer  : Tomcat started on port(s): 8080 (http) with context path ''
2021-03-30 02:00:46.149  INFO 17934 --- [restartedMain] c.spring.course.SpringCourseApplication  : Started SpringCourseApplication in 32.527 seconds (JVM running for 34.27)
2021-03-30 02:03:39.984  INFO 17934 --- [http-nio-8080-exec-2] o.a.c.c.C.[Tomcat].[localhost].[/]       : Initializing Spring DispatcherServlet 'dispatcherServlet'
2021-03-30 02:03:39.988  INFO 17934 --- [http-nio-8080-exec-2] o.s.web.servlet.DispatcherServlet        : Initializing Servlet 'dispatcherServlet'
2021-03-30 02:03:40.067  INFO 17934 --- [http-nio-8080-exec-2] o.s.web.servlet.DispatcherServlet        : Completed initialization in 79 ms
2021-03-30 02:03:40.551  INFO 17934 --- [http-nio-8080-exec-2] c.s.course.controller.UserController     : Cadastrando usuario -> Teste5
2021-03-30 02:40:28.112  INFO 17934 --- [http-nio-8080-exec-7] c.s.course.controller.UserController     : Cadastrando usuario -> Teste6
2021-03-30 02:44:19.866  INFO 17934 --- [Thread-10] o.s.s.concurrent.ThreadPoolTaskExecutor  : Shutting down ExecutorService 'applicationTaskExecutor'
2021-03-30 02:44:19.868  INFO 17934 --- [Thread-10] j.LocalContainerEntityManagerFactoryBean : Closing JPA EntityManagerFactory for persistence unit 'default'
2021-03-30 02:44:19.878  INFO 17934 --- [Thread-10] com.zaxxer.hikari.HikariDataSource       : HikariPool-1 - Shutdown initiated...
2021-03-30 02:44:19.892  INFO 17934 --- [Thread-10] com.zaxxer.hikari.HikariDataSource       : HikariPool-1 - Shutdown completed.
